Diagnose log at 2023-05-08T19:30:16Z

Executable: C:\Program Files\Git\mingw64\libexec\git-core\git-credential-manager-core.exe
Version: 2.0.632+478753bbb7

------------
Diagnostic: Environment
Skipped: False
Success: True
Exception: None
Log:
OSType: Windows
OSVersion: 10.0 (build 22621)
Reading environment variables... OK
 Variables:
HOMEPATH=\Users\Zoran Barac
DriverData=C:\Windows\System32\Drivers\DriverData
COMPUTERNAME=LAPTOP-JHRLN40S
MSYSTEM=MINGW64
CommonProgramFiles(x86)=C:\Program Files (x86)\Common Files
WINDIR=C:\WINDOWS
OneDrive=C:\Users\Zoran Barac\OneDrive
COMSPEC=C:\WINDOWS\system32\cmd.exe
cardano-node=C:\Users\Zoran Barac\OneDrive\Documents\ProjektR
TMPDIR=C:\Users\ZORANB~1\AppData\Local\Temp
ProgramFiles(x86)=C:\Program Files (x86)
CONFIG_SITE=C:/Program Files/Git/etc/config.site
PROCESSOR_REVISION=8e0c
USERDOMAIN=LAPTOP-JHRLN40S
PATHEXT=.COM;.EXE;.BAT;.CMD;.VBS;.VBE;.JS;.JSE;.WSF;.WSH;.MSC
ORIGINAL_TEMP=C:/Users/ZORANB~1/AppData/Local/Temp
USERNAME=Zoran Barac
MINGW_PREFIX=C:/Program Files/Git/mingw64
GIT_ASKPASS=c:\Users\Zoran Barac\AppData\Local\Programs\Microsoft VS Code\resources\app\extensions\git\dist\askpass.sh
GIT_EXEC_PATH=C:/Program Files/Git/mingw64/libexec/git-core
ACLOCAL_PATH=C:\Program Files\Git\mingw64\share\aclocal;C:\Program Files\Git\usr\share\aclocal
TEMP=C:\Users\ZORANB~1\AppData\Local\Temp
LOCALAPPDATA=C:\Users\Zoran Barac\AppData\Local
MANPATH=C:\Program Files\Git\mingw64\local\man;C:\Program Files\Git\mingw64\share\man;C:\Program Files\Git\usr\local\man;C:\Program Files\Git\usr\share\man;C:\Program Files\Git\usr\man;C:\Program Files\Git\share\man
cardano-cli=C:\Users\Zoran Barac\OneDrive\Documents\ProjektR
TERM=xterm-256color
PROCESSOR_IDENTIFIER=Intel64 Family 6 Model 142 Stepping 12, GenuineIntel
MSYSTEM_CARCH=x86_64
PROGRAMFILES=C:\Program Files (x86)
ProgramData=C:\ProgramData
TERM_PROGRAM_VERSION=1.78.0
ORIGINAL_TMP=C:/Users/ZORANB~1/AppData/Local/Temp
platformcode=AN
SYSTEMROOT=C:\WINDOWS
TERM_PROGRAM=vscode
PROCESSOR_LEVEL=6
NUMBER_OF_PROCESSORS=8
SSH_ASKPASS=C:/Program Files/Git/mingw64/bin/git-askpass.exe
SHLVL=1
SYSTEMDRIVE=C:
VSCODE_GIT_ASKPASS_MAIN=c:\Users\Zoran Barac\AppData\Local\Programs\Microsoft VS Code\resources\app\extensions\git\dist\askpass-main.js
PSModulePath=C:\Program Files\WindowsPowerShell\Modules;C:\WINDOWS\system32\WindowsPowerShell\v1.0\Modules
PUBLIC=C:\Users\Public
VSCODE_GIT_IPC_HANDLE=\\.\pipe\vscode-git-e0852491a1-sock
HOSTNAME=LAPTOP-JHRLN40S
PKG_CONFIG_PATH=C:\Program Files\Git\mingw64\lib\pkgconfig;C:\Program Files\Git\mingw64\share\pkgconfig
MSYSTEM_PREFIX=C:/Program Files/Git/mingw64
CHROME_CRASHPAD_PIPE_NAME=\\.\pipe\LOCAL\crashpad_20272_NMPFPZLDCAHKMIPR
PLINK_PROTOCOL=ssh
COLORTERM=truecolor
ProgramW6432=C:\Program Files
PATH=C:/Program Files/Git/mingw64/libexec/git-core;C:\Users\Zoran Barac\bin;C:\Program Files\Git\mingw64\bin;C:\Program Files\Git\usr\local\bin;C:\Program Files\Git\usr\bin;C:\Program Files\Git\usr\bin;C:\Program Files\Git\mingw64\bin;C:\Program Files\Git\usr\bin;C:\Users\Zoran Barac\bin;C:\Program Files\Common Files\Oracle\Java\javapath;C:\Program Files\OpenSSL-Win64\bin;C:\WINDOWS\system32;C:\WINDOWS;C:\WINDOWS\System32\Wbem;C:\WINDOWS\System32\WindowsPowerShell\v1.0;C:\WINDOWS\System32\OpenSSH;C:\Program Files\Git\cmd;C:\MinGW\bin;C:\Program Files\SourceGear\Common\DiffMerge;C:\Program Files\nodejs;C:\Program Files\Java\jdk-19\bin;C:\Users\Zoran Barac\AppData\Local\Programs\Python\Python311\Scripts;C:\Users\Zoran Barac\AppData\Local\Programs\Python\Python311;C:\Users\Zoran Barac\AppData\Local\Programs\Python\Python311\Scripts;C:\Users\Zoran Barac\AppData\Local\Programs\Python\Python311;C:\Users\Zoran Barac\AppData\Local\Microsoft\WindowsApps;C:\src\flutter\flutter\bin;C:\Users\Zoran Barac\AppData\Local\Programs\Microsoft VS Code\bin;C:\Users\Zoran Barac\AppData\Roaming\npm;C:\Program Files\nodejs;C:\Users\Zoran Barac\OneDrive\Documents\ProjektR;C:\Program Files\JetBrains\IntelliJ IDEA Community Edition 2022.2.3\bin;C:\Users\Zoran Barac\miniconda3;C:\Users\Zoran Barac\miniconda3\Scripts;C:\Users\Zoran Barac\miniconda3\Library\mingw-w64\bin;C:\Users\Zoran Barac\miniconda3\bin;C:\Users\Zoran Barac\miniconda3\Library\usr\bin;C:\Program Files\Git\usr\bin\vendor_perl;C:\Program Files\Git\usr\bin\core_perl
MINGW_CHOST=x86_64-w64-mingw32
RegionCode=EMEA
EFC_36696=1
VSCODE_GIT_ASKPASS_EXTRA_ARGS=--ms-enable-electron-run-as-node
OnlineServices=Online Services
IntelliJ IDEA Community Edition=C:\Program Files\JetBrains\IntelliJ IDEA Community Edition 2022.2.3\bin;
TMP=C:\Users\ZORANB~1\AppData\Local\Temp
ORIGINAL_XDG_CURRENT_DESKTOP=undefined
SHELL=C:\Program Files\Git\usr\bin\bash.exe
HOME=C:\Users\Zoran Barac
MSYSTEM_CHOST=x86_64-w64-mingw32
CommonProgramW6432=C:\Program Files\Common Files
LOGONSERVER=\\LAPTOP-JHRLN40S
USERPROFILE=C:\Users\Zoran Barac
DISPLAY=needs-to-be-defined
COMMONPROGRAMFILES=C:\Program Files (x86)\Common Files
VSCODE_GIT_ASKPASS_NODE=C:\Users\Zoran Barac\AppData\Local\Programs\Microsoft VS Code\Code.exe
_=C:/Program Files/Git/mingw64/bin/git
USERDOMAIN_ROAMINGPROFILE=LAPTOP-JHRLN40S
APPDATA=C:\Users\Zoran Barac\AppData\Roaming
HOMEDRIVE=C:
INFOPATH=C:\Program Files\Git\usr\local\info;C:\Program Files\Git\usr\share\info;C:\Program Files\Git\usr\info;C:\Program Files\Git\share\info
MINGW_PACKAGE_PREFIX=mingw-w64-x86_64
SESSIONNAME=Console
PWD=C:/Users/Zoran Barac/OneDrive/Documents/ZAVRAD/zavrad-app
EXEPATH=C:\Program Files\Git\bin
LANG=en_US.UTF-8
PROCESSOR_ARCHITEW6432=AMD64
ORIGINAL_PATH=C:\Program Files\Git\mingw64\bin;C:\Program Files\Git\usr\bin;C:\Users\Zoran Barac\bin;C:\Program Files\Common Files\Oracle\Java\javapath;C:\Program Files\OpenSSL-Win64\bin;C:\WINDOWS\system32;C:\WINDOWS;C:\WINDOWS\System32\Wbem;C:\WINDOWS\System32\WindowsPowerShell\v1.0;C:\WINDOWS\System32\OpenSSH;C:\Program Files\Git\cmd;C:\MinGW\bin;C:\Program Files\SourceGear\Common\DiffMerge;C:\Program Files\nodejs;C:\Program Files\Java\jdk-19\bin;C:\Users\Zoran Barac\AppData\Local\Programs\Python\Python311\Scripts;C:\Users\Zoran Barac\AppData\Local\Programs\Python\Python311;C:\Users\Zoran Barac\AppData\Local\Programs\Python\Python311\Scripts;C:\Users\Zoran Barac\AppData\Local\Programs\Python\Python311;C:\Users\Zoran Barac\AppData\Local\Microsoft\WindowsApps;C:\src\flutter\flutter\bin;C:\Users\Zoran Barac\AppData\Local\Programs\Microsoft VS Code\bin;C:\Users\Zoran Barac\AppData\Roaming\npm;C:\Program Files\nodejs;C:\Users\Zoran Barac\OneDrive\Documents\ProjektR;C:\Program Files\JetBrains\IntelliJ IDEA Community Edition 2022.2.3\bin;C:\Users\Zoran Barac\miniconda3;C:\Users\Zoran Barac\miniconda3\Scripts;C:\Users\Zoran Barac\miniconda3\Library\mingw-w64\bin;C:\Users\Zoran Barac\miniconda3\bin;C:\Users\Zoran Barac\miniconda3\Library\usr\bin
PROCESSOR_ARCHITECTURE=x86
PS1=\[\033]0;$TITLEPREFIX:$PWD\007\]\n\[\033[32m\]\u@\h \[\033[35m\]$MSYSTEM \[\033[33m\]\w\[\033[36m\]`__git_ps1`\[\033[0m\]\n$ 
OS=Windows_NT
VBOX_MSI_INSTALL_PATH=C:\Program Files\Oracle\VirtualBox\
OneDriveConsumer=C:\Users\Zoran Barac\OneDrive
ALLUSERSPROFILE=C:\ProgramData


------------
Diagnostic: File system
Skipped: False
Success: True
Exception: None
Log:
Temporary directory is 'C:\Users\Zoran Barac\AppData\Local\Temp\'...
Checking basic file I/O...
Writing to temporary file 'C:\Users\Zoran Barac\AppData\Local\Temp\2a734494a371ef5a960b72ea'... OK
Reading from temporary file 'C:\Users\Zoran Barac\AppData\Local\Temp\2a734494a371ef5a960b72ea'... OK
Deleting temporary file 'C:\Users\Zoran Barac\AppData\Local\Temp\2a734494a371ef5a960b72ea'... OK
Testing IFileSystem instance...
UserHomePath: C:\Users\Zoran Barac
UserDataDirectoryPath: C:\Users\Zoran Barac\.gcm
GetCurrentDirectory(): C:\Users\Zoran Barac\OneDrive\Documents\ZAVRAD\zavrad-app

------------
Diagnostic: Networking
Skipped: False
Success: True
Exception: None
Log:
Checking basic networking and HTTP stack...
Creating HTTP client... OK
IsNetworkAvailable: True
Sending HEAD request to http://example.com... OK
Sending HEAD request to https://example.com... OK
Acquiring free TCP port... OK
Testing local HTTP loopback connections...
Creating new HTTP listener for http://localhost:62135/... OK
Waiting for loopback connection... OK
Writing response... OK
Waiting for response data... OK
Loopback connection data OK
Testing with IHttpClientFactory created HTTP client...
Creating HTTP client... OK
IsNetworkAvailable: True
Sending HEAD request to http://example.com... OK
Sending HEAD request to https://example.com... OK
Acquiring free TCP port... OK
Testing local HTTP loopback connections...
Creating new HTTP listener for http://localhost:62137/... OK
Waiting for loopback connection... OK
Writing response... OK
Waiting for response data... OK
Loopback connection data OK

------------
Diagnostic: Git
Skipped: False
Success: True
Exception: None
Log:
Getting Git version... OK
Git version is '2.35.1.windows.2'
Locating current repository... OK
Git repository at 'C:/Users/Zoran Barac/OneDrive/Documents/ZAVRAD/zavrad-app/.git'
Listing all Git configuration... OK
Git configuration:
file:C:/Program Files/Git/etc/gitconfig	diff.astextplain.textconv=astextplain
file:C:/Program Files/Git/etc/gitconfig	filter.lfs.clean=git-lfs clean -- %f
file:C:/Program Files/Git/etc/gitconfig	filter.lfs.smudge=git-lfs smudge -- %f
file:C:/Program Files/Git/etc/gitconfig	filter.lfs.process=git-lfs filter-process
file:C:/Program Files/Git/etc/gitconfig	filter.lfs.required=true
file:C:/Program Files/Git/etc/gitconfig	http.sslbackend=openssl
file:C:/Program Files/Git/etc/gitconfig	http.sslcainfo=C:/Program Files/Git/mingw64/ssl/certs/ca-bundle.crt
file:C:/Program Files/Git/etc/gitconfig	core.autocrlf=true
file:C:/Program Files/Git/etc/gitconfig	core.fscache=true
file:C:/Program Files/Git/etc/gitconfig	core.symlinks=false
file:C:/Program Files/Git/etc/gitconfig	pull.rebase=false
file:C:/Program Files/Git/etc/gitconfig	credential.helper=manager-core
file:C:/Program Files/Git/etc/gitconfig	credential.https://dev.azure.com.usehttppath=true
file:C:/Program Files/Git/etc/gitconfig	init.defaultbranch=master
file:C:/Users/Zoran Barac/.gitconfig	user.name=boltzman123
file:C:/Users/Zoran Barac/.gitconfig	user.email=sb53058@fer.hr
file:.git/config	core.repositoryformatversion=0
file:.git/config	core.filemode=false
file:.git/config	core.bare=false
file:.git/config	core.logallrefupdates=true
file:.git/config	core.symlinks=false
file:.git/config	core.ignorecase=true
file:.git/config	remote.origin.url=https://github.com/boltzman123/Zavrsni.git
file:.git/config	remote.origin.fetch=+refs/heads/*:refs/remotes/origin/*


------------
Diagnostic: Credential storage
Skipped: False
Success: True
Exception: None
Log:
ICredentialStore instance is of type: CredentialStore
Writing test credential... OK
Reading test credential... OK
Deleting test credential... OK

------------
Diagnostic: Microsoft authentication (AAD/MSA)
Skipped: False
Success: True
Exception: None
Log:
Broker not supported.
Flow type is: Auto
Gathering MSAL token cache data... OK
CacheDirectory: C:\Users\Zoran Barac\AppData\Local\.IdentityService
CacheFileName: msal.cache
CacheFilePath: C:\Users\Zoran Barac\AppData\Local\.IdentityService\msal.cache
Creating cache helper... OK
Verifying MSAL token cache persistence... OK

------------
Diagnostic: GitHub API
Skipped: False
Success: True
Exception: None
Log:
Using 'https://github.com/' as API target.
Querying '/meta' endpoint... OK

